<?xml version="1.0" encoding="UTF-8"?>
<!-- Generated by org.testng.reporters.JUnitReportReporter -->
<testsuite hostname="DESKTOP-F5DJDU5" failures="0" tests="1" name="testcases.HomePageTest" time="2.725" errors="0" timestamp="2024-11-12T19:59:09 IST" skipped="0">
  <testcase classname="testcases.HomePageTest" name="VerifyHomePageTitle" time="2.725"/>
  <system-out/>
</testsuite> <!-- testcases.HomePageTest -->
