<?xml version="1.0" encoding="UTF-8"?>
<!-- Generated by org.testng.reporters.JUnitReportReporter -->
<testsuite hostname="DESKTOP-F5DJDU5" failures="0" tests="3" name="testcases.StoreEntryTest" time="14.865" errors="0" timestamp="2024-07-18T10:18:39 IST" skipped="0">
  <testcase classname="testcases.StoreEntryTest" name="VerifyStoreEntryTitle" time="3.409"/>
  <system-out/>
  <testcase classname="testcases.StoreEntryTest" name="Verifylogin" time="8.310"/>
  <system-out/>
  <testcase classname="testcases.StoreEntryTest" name="VerifySignInButtonPresence" time="3.146"/>
  <system-out/>
</testsuite> <!-- testcases.StoreEntryTest -->
