<?xml version="1.0" encoding="UTF-8"?>
<!-- Generated by org.testng.reporters.JUnitReportReporter -->
<testsuite hostname="DESKTOP-F5DJDU5" failures="0" tests="3" name="testcases.StoreEntryTest" time="15.290" errors="0" timestamp="2024-11-12T19:59:09 IST" skipped="0">
  <testcase classname="testcases.StoreEntryTest" name="VerifySignInButtonPresence" time="3.258"/>
  <system-out/>
  <testcase classname="testcases.StoreEntryTest" name="VerifyStoreEntryTitle" time="3.584"/>
  <system-out/>
  <testcase classname="testcases.StoreEntryTest" name="Verifylogin" time="8.448"/>
  <system-out/>
</testsuite> <!-- testcases.StoreEntryTest -->
