<?xml version="1.0" encoding="UTF-8"?>
<!-- Generated by org.testng.reporters.JUnitReportReporter -->
<testsuite hostname="DESKTOP-F5DJDU5" failures="0" tests="1" name="testcases.HomePageTest" time="9.597" errors="0" timestamp="2024-11-04T22:06:17 IST" skipped="0">
  <testcase classname="testcases.HomePageTest" name="VerifyHomePageTitle" time="9.597"/>
</testsuite> <!-- testcases.HomePageTest -->
