<?xml version="1.0" encoding="UTF-8"?>
<!-- Generated by org.testng.reporters.JUnitReportReporter -->
<testsuite hostname="AAPDyOVVbECDsDj" failures="0" tests="1" name="testcases.HomePageTest" time="6.042" errors="0" timestamp="2024-06-07T13:28:32 IST" skipped="0">
  <testcase classname="testcases.HomePageTest" name="VerifyHomePageTitle" time="6.042"/>
</testsuite> <!-- testcases.HomePageTest -->
