<?xml version="1.0" encoding="UTF-8"?>
<!-- Generated by org.testng.reporters.JUnitReportReporter -->
<testsuite hostname="AAPDyOVVbECDsDj" failures="0" tests="3" name="testcases.StoreEntryTest" time="28.664" errors="0" timestamp="2024-06-07T13:28:32 IST" skipped="0">
  <testcase classname="testcases.StoreEntryTest" name="VerifySignInButtonPresence" time="6.494"/>
  <testcase classname="testcases.StoreEntryTest" name="Verifylogin" time="14.163"/>
  <testcase classname="testcases.StoreEntryTest" name="VerifyStoreEntryTitle" time="8.007"/>
</testsuite> <!-- testcases.StoreEntryTest -->
