<?xml version="1.0" encoding="UTF-8"?>
<!-- Generated by org.testng.reporters.JUnitReportReporter -->
<testsuite hostname="DESKTOP-F5DJDU5" failures="0" tests="3" name="testcases.StoreEntryTest" time="19.573" errors="0" timestamp="2024-07-18T10:32:27 IST" skipped="0">
  <testcase classname="testcases.StoreEntryTest" name="VerifyStoreEntryTitle" time="5.146"/>
  <system-out/>
  <testcase classname="testcases.StoreEntryTest" name="VerifySignInButtonPresence" time="3.232"/>
  <system-out/>
  <testcase classname="testcases.StoreEntryTest" name="Verifylogin" time="11.195"/>
  <system-out/>
</testsuite> <!-- testcases.StoreEntryTest -->
