<?xml version="1.0" encoding="UTF-8"?>
<!-- Generated by org.testng.reporters.JUnitReportReporter -->
<testsuite hostname="DESKTOP-F5DJDU5" failures="0" tests="2" name="testcases.HomePageTest" time="21.205" errors="0" timestamp="2024-11-10T16:59:26 IST" skipped="0">
  <testcase classname="testcases.HomePageTest" name="VerifyHomePageTitle" time="10.620"/>
  <testcase classname="testcases.HomePageTest" name="VerifyHomePageTitle" time="10.585"/>
</testsuite> <!-- testcases.HomePageTest -->
