<?xml version="1.0" encoding="UTF-8"?>
<!-- Generated by org.testng.reporters.JUnitReportReporter -->
<testsuite hostname="DESKTOP-F5DJDU5" failures="0" tests="2" name="testcases.HomePageTest" time="21.267" errors="0" timestamp="2024-11-10T13:30:39 IST" skipped="0">
  <testcase classname="testcases.HomePageTest" name="VerifyHomePageTitle" time="10.649"/>
  <testcase classname="testcases.HomePageTest" name="VerifyHomePageTitle" time="10.618"/>
</testsuite> <!-- testcases.HomePageTest -->
