<?xml version="1.0" encoding="UTF-8"?>
<!-- Generated by org.testng.reporters.JUnitReportReporter -->
<testsuite hostname="DESKTOP-F5DJDU5" failures="0" tests="3" name="testcases.StoreEntryTest" time="20.343" errors="0" timestamp="2024-11-18T21:03:11 IST" skipped="0">
  <testcase classname="testcases.StoreEntryTest" name="Verifylogin" time="11.482"/>
  <system-out/>
  <testcase classname="testcases.StoreEntryTest" name="VerifyStoreEntryTitle" time="5.575"/>
  <system-out/>
  <testcase classname="testcases.StoreEntryTest" name="VerifySignInButtonPresence" time="3.286"/>
  <system-out/>
</testsuite> <!-- testcases.StoreEntryTest -->
