<?xml version="1.0" encoding="UTF-8"?>
<!-- Generated by org.testng.reporters.JUnitReportReporter -->
<testsuite hostname="DESKTOP-F5DJDU5" failures="0" tests="1" name="testcases.HomePageTest" time="2.479" errors="0" timestamp="2024-11-18T21:03:11 IST" skipped="0">
  <testcase classname="testcases.HomePageTest" name="VerifyHomePageTitle" time="2.479"/>
  <system-out/>
</testsuite> <!-- testcases.HomePageTest -->
