<?xml version="1.0" encoding="UTF-8"?>
<!-- Generated by org.testng.reporters.JUnitReportReporter -->
<testsuite hostname="DESKTOP-F5DJDU5" failures="0" tests="3" name="testcases.StoreEntryTest" time="19.627" errors="0" timestamp="2024-07-18T10:05:21 IST" skipped="0">
  <testcase classname="testcases.StoreEntryTest" name="Verifylogin" time="11.530"/>
  <system-out/>
  <testcase classname="testcases.StoreEntryTest" name="VerifySignInButtonPresence" time="3.058"/>
  <system-out/>
  <testcase classname="testcases.StoreEntryTest" name="VerifyStoreEntryTitle" time="5.039"/>
  <system-out/>
</testsuite> <!-- testcases.StoreEntryTest -->
