<?xml version="1.0" encoding="UTF-8"?>
<!-- Generated by org.testng.reporters.JUnitReportReporter -->
<testsuite hostname="DESKTOP-F5DJDU5" failures="0" tests="3" name="testcases.StoreEntryTest" time="20.446" errors="0" timestamp="2024-11-14T19:03:57 IST" skipped="0">
  <testcase classname="testcases.StoreEntryTest" name="VerifyStoreEntryTitle" time="5.260"/>
  <system-out/>
  <testcase classname="testcases.StoreEntryTest" name="VerifySignInButtonPresence" time="3.316"/>
  <system-out/>
  <testcase classname="testcases.StoreEntryTest" name="Verifylogin" time="11.870"/>
  <system-out/>
</testsuite> <!-- testcases.StoreEntryTest -->
